<?xml version="1.0" encoding="UTF-8"?>
<!-- Generated by org.testng.reporters.JUnitXMLReporter -->
<testsuite hostname="Naresh-PC" name="Test" tests="1" failures="0" timestamp="24 Feb 2020 16:17:09 GMT" time="71.516" errors="0">
  <testcase name="@BeforeTest beforeTest" time="0.0" classname="example.NewTest">
    <failure type="org.openqa.selenium.WebDriverException" message="Failed to connect to binary FirefoxBinary(C:\Program Files (x86)\Mozilla Firefox\firefox.exe) on port 7055; process output follows: 
addons.xpi-utils	DEBUG	Successfully read XPI database
1582560989765	DeferredSave.webext.sc.lz4	DEBUG	Save changes
1582560989765	DeferredSave.webext.sc.lz4	DEBUG	Starting timer
1582560989812	DeferredSave.webext.sc.lz4	DEBUG	Save changes
1582560989813	DeferredSave.webext.sc.lz4	DEBUG	Save changes
1582560989814	DeferredSave.webext.sc.lz4	DEBUG	Save changes
1582560989815	DeferredSave.webext.sc.lz4	DEBUG	Save changes
1582560989817	DeferredSave.webext.sc.lz4	DEBUG	Save changes
1582560989818	DeferredSave.webext.sc.lz4	DEBUG	Save changes
1582560989820	DeferredSave.webext.sc.lz4	DEBUG	Save changes
1582560989820	DeferredSave.webext.sc.lz4	DEBUG	Save changes
1582560989822	DeferredSave.webext.sc.lz4	DEBUG	Save changes
1582560989823	DeferredSave.webext.sc.lz4	DEBUG	Save changes
1582560989824	DeferredSave.webext.sc.lz4	DEBUG	Save changes
1582560989824	DeferredSave.webext.sc.lz4	DEBUG	Save changes
1582560989825	DeferredSave.webext.sc.lz4	DEBUG	Save changes
1582560989826	DeferredSave.webext.sc.lz4	DEBUG	Save changes
1582560989827	DeferredSave.webext.sc.lz4	DEBUG	Save changes
1582560989828	DeferredSave.webext.sc.lz4	DEBUG	Save changes
1582560989829	DeferredSave.webext.sc.lz4	DEBUG	Save changes
1582560989829	DeferredSave.webext.sc.lz4	DEBUG	Save changes
1582560989830	DeferredSave.webext.sc.lz4	DEBUG	Save changes
1582560989831	DeferredSave.webext.sc.lz4	DEBUG	Save changes
1582560989834	DeferredSave.webext.sc.lz4	DEBUG	Save changes
1582560989834	DeferredSave.webext.sc.lz4	DEBUG	Save changes
1582560989835	DeferredSave.webext.sc.lz4	DEBUG	Save changes
1582560989836	DeferredSave.webext.sc.lz4	DEBUG	Save changes
1582560989837	DeferredSave.webext.sc.lz4	DEBUG	Save changes
1582560989838	DeferredSave.webext.sc.lz4	DEBUG	Save changes
1582560989838	DeferredSave.webext.sc.lz4	DEBUG	Save changes
1582560989839	DeferredSave.webext.sc.lz4	DEBUG	Save changes
1582560989842	DeferredSave.webext.sc.lz4	DEBUG	Save changes
1582560989843	DeferredSave.webext.sc.lz4	DEBUG	Save changes
1582560989844	DeferredSave.webext.sc.lz4	DEBUG	Save changes
1582560989844	DeferredSave.webext.sc.lz4	DEBUG	Save changes
1582560989845	DeferredSave.webext.sc.lz4	DEBUG	Save changes
1582560989846	DeferredSave.webext.sc.lz4	DEBUG	Save changes
1582560989846	DeferredSave.webext.sc.lz4	DEBUG	Save changes
1582560989847	DeferredSave.webext.sc.lz4	DEBUG	Save changes
1582560989847	DeferredSave.webext.sc.lz4	DEBUG	Save changes
1582560989848	DeferredSave.webext.sc.lz4	DEBUG	Save changes
1582560989849	DeferredSave.webext.sc.lz4	DEBUG	Save changes
1582560989851	DeferredSave.webext.sc.lz4	DEBUG	Save changes
1582560989852	DeferredSave.webext.sc.lz4	DEBUG	Save changes
1582560989853	DeferredSave.webext.sc.lz4	DEBUG	Save changes
1582560989853	DeferredSave.webext.sc.lz4	DEBUG	Save changes
1582560989855	DeferredSave.webext.sc.lz4	DEBUG	Save changes
1582560989857	DeferredSave.webext.sc.lz4	DEBUG	Save changes
1582560989866	DeferredSave.webext.sc.lz4	DEBUG	Save changes
1582560989867	DeferredSave.webext.sc.lz4	DEBUG	Save changes
1582560989871	DeferredSave.webext.sc.lz4	DEBUG	Save changes
1582560989873	DeferredSave.webext.sc.lz4	DEBUG	Save changes
1582560989876	DeferredSave.webext.sc.lz4	DEBUG	Save changes
1582560989905	DeferredSave.webext.sc.lz4	DEBUG	Save changes
1582560991750	addons.productaddons	INFO	sending request to: https://aus5.mozilla.org/update/3/GMP/56.0/20170926190823/WINNT_x86-msvc-x86/en-US/beta/Windows_NT%2010.0.0.0%20(x86)/default/default/update.xml
1582560994742	addons.productaddons	INFO	Completed downloading document
1582560994846	DeferredSave.webext.sc.lz4	DEBUG	Starting write
1582560994899	DeferredSave.webext.sc.lz4	DEBUG	Write succeeded
1582560996087	addons.productaddons	INFO	downloadXHR File download. status=200
1582560996090	addons.productaddons	INFO	Downloaded file will be saved to C:\Users\Naresh\AppData\Local\Temp\tmpaddon
1582561006360	addons.productaddons	INFO	downloadXHR File download. status=200
1582561006363	addons.productaddons	INFO	Downloaded file will be saved to C:\Users\Naresh\AppData\Local\Temp\tmpaddon-b6f329

Build info: version: &amp;apos;2.45.0&amp;apos;, revision: &amp;apos;5017cb8e7ca8e37638dc3091b2440b90a1d8686f&amp;apos;, time: &amp;apos;2015-02-27 09:10:26&amp;apos;
System info: host: &amp;apos;Naresh-PC&amp;apos;, ip: &amp;apos;192.168.42.163&amp;apos;, os.name: &amp;apos;Windows 8.1&amp;apos;, os.arch: &amp;apos;x86&amp;apos;, os.version: &amp;apos;6.3&amp;apos;, java.version: &amp;apos;1.8.0_40&amp;apos;
Driver info: driver.version: FirefoxDriver">
      <![CDATA[org.openqa.selenium.WebDriverException: Failed to connect to binary FirefoxBinary(C:\Program Files (x86)\Mozilla Firefox\firefox.exe) on port 7055; process output follows: 
addons.xpi-utils	DEBUG	Successfully read XPI database
1582560989765	DeferredSave.webext.sc.lz4	DEBUG	Save changes
1582560989765	DeferredSave.webext.sc.lz4	DEBUG	Starting timer
1582560989812	DeferredSave.webext.sc.lz4	DEBUG	Save changes
1582560989813	DeferredSave.webext.sc.lz4	DEBUG	Save changes
1582560989814	DeferredSave.webext.sc.lz4	DEBUG	Save changes
1582560989815	DeferredSave.webext.sc.lz4	DEBUG	Save changes
1582560989817	DeferredSave.webext.sc.lz4	DEBUG	Save changes
1582560989818	DeferredSave.webext.sc.lz4	DEBUG	Save changes
1582560989820	DeferredSave.webext.sc.lz4	DEBUG	Save changes
1582560989820	DeferredSave.webext.sc.lz4	DEBUG	Save changes
1582560989822	DeferredSave.webext.sc.lz4	DEBUG	Save changes
1582560989823	DeferredSave.webext.sc.lz4	DEBUG	Save changes
1582560989824	DeferredSave.webext.sc.lz4	DEBUG	Save changes
1582560989824	DeferredSave.webext.sc.lz4	DEBUG	Save changes
1582560989825	DeferredSave.webext.sc.lz4	DEBUG	Save changes
1582560989826	DeferredSave.webext.sc.lz4	DEBUG	Save changes
1582560989827	DeferredSave.webext.sc.lz4	DEBUG	Save changes
1582560989828	DeferredSave.webext.sc.lz4	DEBUG	Save changes
1582560989829	DeferredSave.webext.sc.lz4	DEBUG	Save changes
1582560989829	DeferredSave.webext.sc.lz4	DEBUG	Save changes
1582560989830	DeferredSave.webext.sc.lz4	DEBUG	Save changes
1582560989831	DeferredSave.webext.sc.lz4	DEBUG	Save changes
1582560989834	DeferredSave.webext.sc.lz4	DEBUG	Save changes
1582560989834	DeferredSave.webext.sc.lz4	DEBUG	Save changes
1582560989835	DeferredSave.webext.sc.lz4	DEBUG	Save changes
1582560989836	DeferredSave.webext.sc.lz4	DEBUG	Save changes
1582560989837	DeferredSave.webext.sc.lz4	DEBUG	Save changes
1582560989838	DeferredSave.webext.sc.lz4	DEBUG	Save changes
1582560989838	DeferredSave.webext.sc.lz4	DEBUG	Save changes
1582560989839	DeferredSave.webext.sc.lz4	DEBUG	Save changes
1582560989842	DeferredSave.webext.sc.lz4	DEBUG	Save changes
1582560989843	DeferredSave.webext.sc.lz4	DEBUG	Save changes
1582560989844	DeferredSave.webext.sc.lz4	DEBUG	Save changes
1582560989844	DeferredSave.webext.sc.lz4	DEBUG	Save changes
1582560989845	DeferredSave.webext.sc.lz4	DEBUG	Save changes
1582560989846	DeferredSave.webext.sc.lz4	DEBUG	Save changes
1582560989846	DeferredSave.webext.sc.lz4	DEBUG	Save changes
1582560989847	DeferredSave.webext.sc.lz4	DEBUG	Save changes
1582560989847	DeferredSave.webext.sc.lz4	DEBUG	Save changes
1582560989848	DeferredSave.webext.sc.lz4	DEBUG	Save changes
1582560989849	DeferredSave.webext.sc.lz4	DEBUG	Save changes
1582560989851	DeferredSave.webext.sc.lz4	DEBUG	Save changes
1582560989852	DeferredSave.webext.sc.lz4	DEBUG	Save changes
1582560989853	DeferredSave.webext.sc.lz4	DEBUG	Save changes
1582560989853	DeferredSave.webext.sc.lz4	DEBUG	Save changes
1582560989855	DeferredSave.webext.sc.lz4	DEBUG	Save changes
1582560989857	DeferredSave.webext.sc.lz4	DEBUG	Save changes
1582560989866	DeferredSave.webext.sc.lz4	DEBUG	Save changes
1582560989867	DeferredSave.webext.sc.lz4	DEBUG	Save changes
1582560989871	DeferredSave.webext.sc.lz4	DEBUG	Save changes
1582560989873	DeferredSave.webext.sc.lz4	DEBUG	Save changes
1582560989876	DeferredSave.webext.sc.lz4	DEBUG	Save changes
1582560989905	DeferredSave.webext.sc.lz4	DEBUG	Save changes
1582560991750	addons.productaddons	INFO	sending request to: https://aus5.mozilla.org/update/3/GMP/56.0/20170926190823/WINNT_x86-msvc-x86/en-US/beta/Windows_NT%2010.0.0.0%20(x86)/default/default/update.xml
1582560994742	addons.productaddons	INFO	Completed downloading document
1582560994846	DeferredSave.webext.sc.lz4	DEBUG	Starting write
1582560994899	DeferredSave.webext.sc.lz4	DEBUG	Write succeeded
1582560996087	addons.productaddons	INFO	downloadXHR File download. status=200
1582560996090	addons.productaddons	INFO	Downloaded file will be saved to C:\Users\Naresh\AppData\Local\Temp\tmpaddon
1582561006360	addons.productaddons	INFO	downloadXHR File download. status=200
1582561006363	addons.productaddons	INFO	Downloaded file will be saved to C:\Users\Naresh\AppData\Local\Temp\tmpaddon-b6f329

Build info: version: '2.45.0', revision: '5017cb8e7ca8e37638dc3091b2440b90a1d8686f', time: '2015-02-27 09:10:26'
System info: host: 'Naresh-PC', ip: '192.168.42.163', os.name: 'Windows 8.1', os.arch: 'x86', os.version: '6.3', java.version: '1.8.0_40'
Driver info: driver.version: FirefoxDriver
	at org.openqa.selenium.firefox.internal.NewProfileExtensionConnection.start(NewProfileExtensionConnection.java:130)
	at org.openqa.selenium.firefox.FirefoxDriver.startClient(FirefoxDriver.java:246)
	at org.openqa.selenium.remote.RemoteWebDriver.<init>(RemoteWebDriver.java:114)
	at org.openqa.selenium.firefox.FirefoxDriver.<init>(FirefoxDriver.java:191)
	at org.openqa.selenium.firefox.FirefoxDriver.<init>(FirefoxDriver.java:186)
	at org.openqa.selenium.firefox.FirefoxDriver.<init>(FirefoxDriver.java:182)
	at org.openqa.selenium.firefox.FirefoxDriver.<init>(FirefoxDriver.java:95)
	at example.NewTest.beforeTest(NewTest.java:20)
Caused by: org.openqa.selenium.firefox.NotConnectedException: Unable to connect to host 127.0.0.1 on port 7055 after 45000 ms. Firefox console output:
addons.xpi-utils	DEBUG	Successfully read XPI database
1582560989765	DeferredSave.webext.sc.lz4	DEBUG	Save changes
1582560989765	DeferredSave.webext.sc.lz4	DEBUG	Starting timer
1582560989812	DeferredSave.webext.sc.lz4	DEBUG	Save changes
1582560989813	DeferredSave.webext.sc.lz4	DEBUG	Save changes
1582560989814	DeferredSave.webext.sc.lz4	DEBUG	Save changes
1582560989815	DeferredSave.webext.sc.lz4	DEBUG	Save changes
1582560989817	DeferredSave.webext.sc.lz4	DEBUG	Save changes
1582560989818	DeferredSave.webext.sc.lz4	DEBUG	Save changes
1582560989820	DeferredSave.webext.sc.lz4	DEBUG	Save changes
1582560989820	DeferredSave.webext.sc.lz4	DEBUG	Save changes
1582560989822	DeferredSave.webext.sc.lz4	DEBUG	Save changes
1582560989823	DeferredSave.webext.sc.lz4	DEBUG	Save changes
1582560989824	DeferredSave.webext.sc.lz4	DEBUG	Save changes
1582560989824	DeferredSave.webext.sc.lz4	DEBUG	Save changes
1582560989825	DeferredSave.webext.sc.lz4	DEBUG	Save changes
1582560989826	DeferredSave.webext.sc.lz4	DEBUG	Save changes
1582560989827	DeferredSave.webext.sc.lz4	DEBUG	Save changes
1582560989828	DeferredSave.webext.sc.lz4	DEBUG	Save changes
1582560989829	DeferredSave.webext.sc.lz4	DEBUG	Save changes
1582560989829	DeferredSave.webext.sc.lz4	DEBUG	Save changes
1582560989830	DeferredSave.webext.sc.lz4	DEBUG	Save changes
1582560989831	DeferredSave.webext.sc.lz4	DEBUG	Save changes
1582560989834	DeferredSave.webext.sc.lz4	DEBUG	Save changes
1582560989834	DeferredSave.webext.sc.lz4	DEBUG	Save changes
1582560989835	DeferredSave.webext.sc.lz4	DEBUG	Save changes
1582560989836	DeferredSave.webext.sc.lz4	DEBUG	Save changes
1582560989837	DeferredSave.webext.sc.lz4	DEBUG	Save changes
1582560989838	DeferredSave.webext.sc.lz4	DEBUG	Save changes
1582560989838	DeferredSave.webext.sc.lz4	DEBUG	Save changes
1582560989839	DeferredSave.webext.sc.lz4	DEBUG	Save changes
1582560989842	DeferredSave.webext.sc.lz4	DEBUG	Save changes
1582560989843	DeferredSave.webext.sc.lz4	DEBUG	Save changes
1582560989844	DeferredSave.webext.sc.lz4	DEBUG	Save changes
1582560989844	DeferredSave.webext.sc.lz4	DEBUG	Save changes
1582560989845	DeferredSave.webext.sc.lz4	DEBUG	Save changes
1582560989846	DeferredSave.webext.sc.lz4	DEBUG	Save changes
1582560989846	DeferredSave.webext.sc.lz4	DEBUG	Save changes
1582560989847	DeferredSave.webext.sc.lz4	DEBUG	Save changes
1582560989847	DeferredSave.webext.sc.lz4	DEBUG	Save changes
1582560989848	DeferredSave.webext.sc.lz4	DEBUG	Save changes
1582560989849	DeferredSave.webext.sc.lz4	DEBUG	Save changes
1582560989851	DeferredSave.webext.sc.lz4	DEBUG	Save changes
1582560989852	DeferredSave.webext.sc.lz4	DEBUG	Save changes
1582560989853	DeferredSave.webext.sc.lz4	DEBUG	Save changes
1582560989853	DeferredSave.webext.sc.lz4	DEBUG	Save changes
1582560989855	DeferredSave.webext.sc.lz4	DEBUG	Save changes
1582560989857	DeferredSave.webext.sc.lz4	DEBUG	Save changes
1582560989866	DeferredSave.webext.sc.lz4	DEBUG	Save changes
1582560989867	DeferredSave.webext.sc.lz4	DEBUG	Save changes
1582560989871	DeferredSave.webext.sc.lz4	DEBUG	Save changes
1582560989873	DeferredSave.webext.sc.lz4	DEBUG	Save changes
1582560989876	DeferredSave.webext.sc.lz4	DEBUG	Save changes
1582560989905	DeferredSave.webext.sc.lz4	DEBUG	Save changes
1582560991750	addons.productaddons	INFO	sending request to: https://aus5.mozilla.org/update/3/GMP/56.0/20170926190823/WINNT_x86-msvc-x86/en-US/beta/Windows_NT%2010.0.0.0%20(x86)/default/default/update.xml
1582560994742	addons.productaddons	INFO	Completed downloading document
1582560994846	DeferredSave.webext.sc.lz4	DEBUG	Starting write
1582560994899	DeferredSave.webext.sc.lz4	DEBUG	Write succeeded
1582560996087	addons.productaddons	INFO	downloadXHR File download. status=200
1582560996090	addons.productaddons	INFO	Downloaded file will be saved to C:\Users\Naresh\AppData\Local\Temp\tmpaddon
1582561006360	addons.productaddons	INFO	downloadXHR File download. status=200
1582561006363	addons.productaddons	INFO	Downloaded file will be saved to C:\Users\Naresh\AppData\Local\Temp\tmpaddon-b6f329

	at org.openqa.selenium.firefox.internal.NewProfileExtensionConnection.start(NewProfileExtensionConnection.java:118)
	... 29 more
... Removed 22 stack frames]]>
    </failure>
  </testcase> <!-- @BeforeTest beforeTest -->
  <testcase name="@AfterTest afterTest" time="0.0" classname="example.NewTest">
    <skipped/>
  </testcase> <!-- @AfterTest afterTest -->
  <testcase name="testEasy" time="0.001" classname="example.NewTest">
    <skipped/>
  </testcase> <!-- testEasy -->
</testsuite> <!-- Test -->
